<?xml version="1.0" encoding="UTF-8"?>
<!-- Generated by org.testng.reporters.JUnitReportReporter -->
<testsuite hostname="Admins-MacBook-Pro.local" failures="0" tests="1" name="TestClasses.SignUp" time="16.055" errors="0" timestamp="2023-01-16T13:08:26 IST" skipped="0">
  <testcase classname="TestClasses.SignUp" name="signup_for_insurance" time="16.055"/>
  <system-out/>
</testsuite> <!-- TestClasses.SignUp -->
