<?xml version="1.0" encoding="UTF-8"?>
<!-- Generated by org.testng.reporters.JUnitReportReporter -->
<testsuite hostname="Admins-MacBook-Pro.local" failures="0" tests="1" name="TestClasses.SignUp" time="8.245" errors="0" timestamp="16 Jan 2023 09:48:48 GMT">
  <testcase classname="TestClasses.SignUp" name="signup_for_insurance" time="8.245"/>
</testsuite> <!-- TestClasses.SignUp -->
